Log file open, 05/07/15 21:53:35
LogInit:Display: Running engine for game: Redemption
LogInit: Version: 4.7.6-2513093+++depot+UE4-Releases+4.7
LogInit: API Version: 2455222
LogInit: Compiled (64-bit): Apr 15 2015 12:09:54
LogInit: Compiled with Visual C++: 18.00.21005.01
LogInit: Build Configuration: Development
LogInit: Branch Name: ++depot+UE4-Releases+4.7
LogInit: Command line: 
LogInit: Base directory: C:/Program Files/Epic Games/4.7/Engine/Binaries/Win64/
LogInit: Rocket: 1
[2015.05.07-19.53.35:621][  0]LogTaskGraph: Started task graph with 3 named threads and 4 total threads.
[2015.05.07-19.53.35:698][  0]LogOnline:Warning: No default platform service specified for OnlineSubsystem
[2015.05.07-19.53.35:761][  0]LogInit: Presizing for 0 objects not considered by GC, pre-allocating 0 bytes.
[2015.05.07-19.53.35:807][  0]LogInit: Object subsystem initialized
[2015.05.07-19.53.35:822][  0]LogInit: Selected Device Profile: [Windows]
[2015.05.07-19.53.35:822][  0]LogInit: Applying CVar settings loaded from the selected device profile: [Windows]
[2015.05.07-19.53.35:848][  0]LogInit: Computer: EXCPTN-PC1
[2015.05.07-19.53.35:848][  0]LogInit: User: julie000
[2015.05.07-19.53.35:848][  0]LogInit: CPU Page size=4096, Cores=2
[2015.05.07-19.53.35:848][  0]LogInit: High frequency timer resolution =2.338336 MHz
[2015.05.07-19.53.35:848][  0]LogMemory: Memory total: Physical=3.9GB (4GB approx) Virtual=131072.0GB
[2015.05.07-19.53.35:849][  0]LogMemory: Platform Memory Stats for Windows
[2015.05.07-19.53.35:849][  0]LogMemory: Process Physical Memory: 45.33 MB used, 45.33 MB peak
[2015.05.07-19.53.35:849][  0]LogMemory: Process Virtual Memory: 22.45 MB used, 22.48 MB peak
[2015.05.07-19.53.35:849][  0]LogMemory: Physical Memory: 1629.33 MB used, 3979.40 MB total
[2015.05.07-19.53.35:849][  0]LogMemory: Virtual Memory: 290.05 MB used, 134217728.00 MB total
[2015.05.07-19.53.35:927][  0]LogD3D11RHI: Found D3D11 adapter 0: NVIDIA GeForce 820M               (Feature Level 11_0)
[2015.05.07-19.53.35:927][  0]LogD3D11RHI: Adapter has 971MB of dedicated video memory, 0MB of dedicated system memory, and 1989MB of shared system memory, 1 output[s]
[2015.05.07-19.53.35:957][  0]LogD3D11RHI: Found D3D11 adapter 1: Intel(R) HD Graphics Family (Feature Level 11_0)
[2015.05.07-19.53.35:957][  0]LogD3D11RHI: Adapter has 32MB of dedicated video memory, 0MB of dedicated system memory, and 1760MB of shared system memory, 0 output[s]
[2015.05.07-19.53.35:961][  0]LogD3D11RHI: Found D3D11 adapter 2: Microsoft Basic Render Driver (Feature Level 11_0)
[2015.05.07-19.53.35:961][  0]LogD3D11RHI: Adapter has 0MB of dedicated video memory, 0MB of dedicated system memory, and 256MB of shared system memory, 0 output[s]
[2015.05.07-19.53.35:961][  0]LogD3D11RHI: Chosen D3D11 Adapter Id = 0
[2015.05.07-19.53.35:974][  0]LogRHI: Texture pool is 680 MB (70% of 971 MB)
[2015.05.07-19.53.36:000][  0]LogD3D11RHI: Async texture creation enabled
[2015.05.07-19.53.36:146][  0]LogTextLocalizationManager: The requested culture ('fr_FR') has no localization data; falling back to 'en' for localization and internationalization data.
[2015.05.07-19.53.36:487][  0]LogTextLocalizationManager:Warning: Loading localization resources contain conflicting entries for (Namespace:UICommands, Key:Save_ToolTip):
Resource: (C:/Program Files/Epic Games/4.7/Engine/Content/Localization/Editor/en/Editor.locres) Hash: (-29098895) String: (Saves the current level to disk)
Resource: (C:/Program Files/Epic Games/4.7/Engine/Content/Localization/Engine/en/Engine.locres) Hash: (-1280300587) String: (Save selected data to vlog file)
[2015.05.07-19.53.36:487][  0]LogTextLocalizationManager:Warning: Loading localization resources contain conflicting entries for (Namespace:ContentBrowser, Key:ImportAssetToolTip):
Resource: (C:/Program Files/Epic Games/4.7/Engine/Content/Localization/Editor/en/Editor.locres) Hash: (-630476809) String: (Import to {0}...)
Resource: (C:/Program Files/Epic Games/4.7/Engine/Content/Localization/Editor/en/Editor.locres) Hash: (1271782899) String: (Imports an asset from file to this folder.)
[2015.05.07-19.53.36:790][  0]LogContentStreaming: Texture pool size is 0.000000MB
[2015.05.07-19.53.45:433][  0]LogTargetPlatformManager:Display: Building Assets For Windows
[2015.05.07-19.53.47:483][  0]LogTargetPlatformManager:Display: Building Assets For Windows
[2015.05.07-19.53.47:708][  0]LogDerivedDataCache:Display: Max Cache Size: 512 MB
[2015.05.07-19.53.47:842][  0]LogDerivedDataCache: Loaded boot cache 0.13s 40MB C:/Users/julie_000/AppData/Local/UnrealEngine/4.7/DerivedDataCache/Boot.ddc.
[2015.05.07-19.53.47:842][  0]LogDerivedDataCache:Display: Loaded Boot cache: C:/Users/julie_000/AppData/Local/UnrealEngine/4.7/DerivedDataCache/Boot.ddc
[2015.05.07-19.53.47:842][  0]LogDerivedDataCache: FDerivedDataBackendGraph:  Pak pak cache file ../../../../../../Users/julie_000/Documents/Unreal Projects/Redemption/DerivedDataCache/DDC.ddp not found, will not use a pak cache.
[2015.05.07-19.53.47:842][  0]LogDerivedDataCache: Unable to find inner node Pak for hierarchical cache Hierarchy.
[2015.05.07-19.53.48:291][  0]LogDerivedDataCache:Display: Pak cache opened for reading ../../../Engine/DerivedDataCache/Compressed.ddp.
[2015.05.07-19.53.48:306][  0]LogDerivedDataCache: Using Local data cache path C:/Users/julie_000/AppData/Local/UnrealEngine/Common/DerivedDataCache: Writable
[2015.05.07-19.53.49:328][  0]LogMeshUtilities: No automatic mesh reduction module available
[2015.05.07-19.53.49:328][  0]LogMeshUtilities: No automatic mesh merging module available
[2015.05.07-19.53.50:758][  0]LogInit: WinSock: version 1.1 (2.2), MaxSocks=32767, MaxUdp=65467
[2015.05.07-19.53.51:040][  0]LogSlate:Warning: Failed to load font data from '../../../Engine/Content/Slate/Fonts/Roboto-Italic.ttf'
[2015.05.07-19.53.54:299][  0]UdpMessaging: Initializing bridge on interface 0.0.0.0:0 to multicast group 230.0.0.1:6666.
[2015.05.07-19.53.54:880][  0]SourceControl: Info Source control is disabled
[2015.05.07-19.53.54:881][  0]SourceControl: Info Source control is disabled
[2015.05.07-19.53.54:881][  0]SourceControl: Info Source control is disabled
[2015.05.07-19.53.54:881][  0]LogSourceControl: RunCommandInternalRaw: 'git version'
[2015.05.07-19.53.54:881][  0]LogSourceControl: RunCommandInternalRaw: ExecProcess ReturnCode=2 OutResults=''
[2015.05.07-19.53.54:915][  0]SourceControl: Info Source control is disabled
[2015.05.07-19.53.55:594][  0]LogObj: 24232 objects as part of root set at end of initial load.
[2015.05.07-19.53.55:594][  0]LogUObjectAllocator: 5137176 out of 0 bytes used by permanent object pool.
[2015.05.07-19.53.55:880][  0]LogEngine: Initializing Engine...
[2015.05.07-19.53.58:395][  0]LogInit: XAudio2 using 'Speakers (Realtek High Definition Audio)' : 2 channels at 48 kHz using 32 bits per sample (channel mask 0x3)
[2015.05.07-19.53.58:417][  0]LogInit: FAudioDevice initialized.
[2015.05.07-19.53.58:558][  0]LogAIModule: Creating AISystem for world NewWorld
[2015.05.07-19.53.58:618][  0]LogDerivedDataCache: Saved boot cache 0.06s 39MB C:/Users/julie_000/AppData/Local/UnrealEngine/4.7/DerivedDataCache/Boot.ddc.
[2015.05.07-19.53.58:631][  0]LogInit: Texture streaming: Enabled
[2015.05.07-19.53.58:983][  0]LogAnalytics: Creating configured Analytics provider AnalyticsET
[2015.05.07-19.53.58:983][  0]LogAnalytics: ET APIKey = Rocket.Release. APIServer = http://et2.epicgames.com/ET2/. AppVersion = 4.7.6-2513093+++depot+UE4-Releases+4.7
[2015.05.07-19.53.58:983][  0]LogAnalytics: ET APIKey = Rocket.Release. DataRouterUploadURL = https://datarouter-public-service-gamedev.ol.epicgames.net/datarouter/api/v1/public/data. AppVersion = 4.7.6-2513093+++depot+UE4-Releases+4.7
[2015.05.07-19.53.58:983][  0]LogAnalytics: SetUserId 569404f64b49b9e2c42f81abcd285924|14045071a2354785bec1da34d39a556c|629764e4-f1d9-409d-b255-01587bf0ee8f
[2015.05.07-19.53.58:984][  0]LogAnalytics: AnalyticsET::StartSession [Rocket.Release]
[2015.05.07-19.53.59:061][  0]LogInit: Transaction tracking system initialized
[2015.05.07-19.53.59:761][  0]BlueprintLog: New page: Editor Load
[2015.05.07-19.53.59:861][  0]LogAssetRegistry: FAssetRegistry took 0.0108 seconds to start up
[2015.05.07-19.53.59:862][  0]LogDirectoryWatcher:Warning: Failed to begin reading directory changes for ../../../Engine/Plugins/Experimental/CharacterAI/Content/. Error: 0
[2015.05.07-19.54.02:102][  0]LogTargetPlatformManager:Display: Building Assets For Windows
[2015.05.07-19.54.03:687][  0]LogTargetPlatformManager:Display: Building Assets For Windows
[2015.05.07-19.54.04:831][  0]LogInit:Warning: CVar named 'r.MobileHDR' marked up in URenderingSettings was not found or is set to read-only
[2015.05.07-19.54.44:466][  0]LogSlate:Warning: Failed to load font data from '../../../Engine/Content/Editor/Slate/Fonts/Roboto-Regular.ttf'
[2015.05.07-19.54.44:468][  0]LogSlate:Warning: Failed to load font data from '../../../Engine/Content/Editor/Slate/Fonts/Roboto-Bold.ttf'
[2015.05.07-19.54.44:507][  0]LogConsoleResponse:Display: 
[2015.05.07-19.54.45:067][  0]LogCook:Display: Done creating registry. It took  0.00s.
[2015.05.07-19.54.45:655][  0]SourceControl: Info Source control is disabled
[2015.05.07-19.54.45:656][  0]Cmd: MAP LOAD FILE="../../../Engine/Content/Maps/Templates/Template_Default.umap" TEMPLATE=1 SHOWPROGRESS=1 FEATURELEVEL=3
[2015.05.07-19.54.45:657][  0]LightingResults: New page: Lighting Build
[2015.05.07-19.54.45:703][  0]MapCheck: New page: Map Check
[2015.05.07-19.54.45:703][  0]LightingResults: New page: Lighting Build
[2015.05.07-19.54.45:754][  0]LogParticles: Destroying 0 GPU particle simulations for FXSystem 0x000000A302224680
[2015.05.07-19.54.48:016][  0]LogEditorServer: Finished looking for orphan Actors (0.000 secs)
[2015.05.07-19.54.48:034][  0]LogAIModule: Creating AISystem for world Untitled_1
[2015.05.07-19.54.48:035][  0]Cmd: MAP CHECKDEP
[2015.05.07-19.54.48:036][  0]MapCheck: New page: Untitled_1 - May 7, 2015, 11:54:48 PM
[2015.05.07-19.54.48:317][  0]MapCheck: Info Map check complete: 0 Error(s), 0 Warning(s), took 281.082ms to complete.
[2015.05.07-19.54.48:317][  0]LogFileHelpers: Loading map 'Template_Default' took 2.661
[2015.05.07-19.54.48:650][  0]LogCollectionManager: Loaded 0 collections in 0.006421 seconds
[2015.05.07-19.54.48:687][  0]LogContentBrowser: Native class hierarchy populated in 0.0370 seconds. Added 1696 classes and 261 folders.
[2015.05.07-19.54.48:799][  0]LogContentBrowser: Native class hierarchy updated for 'SceneOutliner' in 0.0068 seconds. Added 1 classes and 2 folders.
[2015.05.07-19.54.48:975][  0]LogCrashTracker: Crashtracker disabled due to settings.
[2015.05.07-19.54.48:979][  0]LogSlate:Warning: Failed to load font data from 'Veranda'
[2015.05.07-19.54.49:009][  0]LogUObjectGlobals:Warning: Failed to find object 'Class None.'
[2015.05.07-19.54.49:051][  0]LogLoad: Full Startup: 76.60 seconds (BP compile: 0.30 seconds)
[2015.05.07-19.54.49:636][  0]LogRenderer:Warning: Reallocating scene render targets to support 856x400 (Frame:2).
[2015.05.07-19.54.51:716][ 20]LogAssetRegistry: Asset discovery search completed in 51.8662 seconds
[2015.05.07-19.55.09:624][926]LogContentBrowser:Verbose: The content browser source was changed by the sources view to '/Game'
[2015.05.07-19.56.39:061][737]LogEditorViewport: Clicking on Actor (LMB): StaticMeshActor (Floor)
[2015.05.07-19.56.40:248][750]LogEditorViewport: Clicking on Actor (LMB): StaticMeshActor (Floor)
[2015.05.07-19.56.41:438][797]Cmd: DELETE
[2015.05.07-19.56.41:438][797]Cmd: ACTOR DELETE
[2015.05.07-19.56.41:490][797]LogEditorActor: Deleted Actor: StaticMeshActor
[2015.05.07-19.56.41:570][797]LogEditorActor: Deleted 1 Actors (0.111 secs)
[2015.05.07-19.56.45:260][961]LogPlayLevel: PIE:  No blueprints needed recompiling
[2015.05.07-19.56.45:261][961]PIE: New page: PIE session: Untitled_1 (May 7, 2015, 11:56:45 PM)
[2015.05.07-19.56.45:268][961]LogPlayLevel: PIE: StaticDuplicateObject took: (0.006145s)
[2015.05.07-19.56.45:270][961]LogPlayLevel: PIE: World Init took: (0.001976s)
[2015.05.07-19.56.45:271][961]LogPlayLevel: PIE: Created PIE world by copyin